smp = 1
build_mode = release
log_level = info

Primary CPU 0 started,
Found physcial memory regions:
 .text (READ | EXECUTE | RESERVED)
 .rodata (READ | RESERVED)
 .data (READ | WRITE | RESERVED)
 .percpu (READ | WRITE | RESERVED)
 boot stack (READ | WRITE | RESERVED)
 .bss (READ | WRITE | RESERVED)
 free memory (READ | WRITE | FREE)
Initialize global memory allocator...
Initialize kernel page table...
Initialize platform devices...
Initialize scheduling...
  use FIFO scheduler.
Primary CPU 0 init OK.
Hello, main task!
Hello, task 0! id = ThreadId(2)
Hello, task 1! id = ThreadId(3)
Hello, task 2! id = ThreadId(4)
Hello, task 3! id = ThreadId(5)
Hello, task 4! id = ThreadId(6)
Hello, task 5! id = ThreadId(7)
Hello, task 6! id = ThreadId(8)
Hello, task 7! id = ThreadId(9)
Hello, task 8! id = ThreadId(10)
Hello, task 9! id = ThreadId(11)
Task yielding tests run OK!
Shutting down...
